<?xml version="1.0" encoding="UTF-8"?>
<testsuite name="edu.cmu.cs.cs214.hw2.AsteriskSudokuSolutionVerifierTests" tests="2" skipped="0" failures="0" errors="0" timestamp="2019-09-14T03:15:11" hostname="Antonios-MBP.wv.cc.cmu.edu" time="0.053">
  <properties/>
  <testcase name="testValidSolution" classname="edu.cmu.cs.cs214.hw2.AsteriskSudokuSolutionVerifierTests" time="0.041"/>
  <testcase name="testInvalidSolution" classname="edu.cmu.cs.cs214.hw2.AsteriskSudokuSolutionVerifierTests" time="0.011"/>
  <system-out><![CDATA[]]></system-out>
  <system-err><![CDATA[]]></system-err>
</testsuite>
